start test (v6) Mon Apr 1 12:04:31 EDT 2019
Mon Apr  1 12:04:32 2019, sequential_write, DRAM, t, 1, 805023348
Mon Apr  1 12:04:39 2019, random_write, t, DRAM, 1, 9151622612
Mon Apr  1 12:04:56 2019, backwards_write, t, DRAM, 1, 1411798780
Mon Apr  1 12:04:57 2019, sequential_write, s, DRAM, 36, 806923506
Mon Apr  1 12:05:04 2019, random_write, s, DRAM, 36, 9278789710
Mon Apr  1 12:05:22 2019, backwards_write, s, DRAM, 36, 1258721794
Mon Apr  1 12:05:23 2019, sequential_write, s, DRAM, 36, 806738636
Mon Apr  1 12:05:30 2019, random_write, s, DRAM, 36, 9260616478
Mon Apr  1 12:05:48 2019, backwards_write, s, DRAM, 36, 1257344930
Mon Apr  1 12:05:49 2019, sequential_write, s, DRAM, 36, 808474772
Mon Apr  1 12:05:55 2019, random_write, s, DRAM, 36, 9274323682
Mon Apr  1 12:06:14 2019, backwards_write, s, DRAM, 36, 1397489158
Mon Apr  1 12:06:15 2019, sequential_write, s, DRAM, 36, 806758982
Mon Apr  1 12:06:21 2019, random_write, s, DRAM, 36, 9260945330
Mon Apr  1 12:06:40 2019, backwards_write, s, DRAM, 36, 1263075058
Mon Apr  1 12:06:40 2019, sequential_write, s, DRAM, 36, 806457364
Mon Apr  1 12:06:47 2019, random_write, s, DRAM, 36, 9285829120
Mon Apr  1 12:07:05 2019, backwards_write, s, DRAM, 36, 1261963574
Mon Apr  1 12:07:06 2019, sequential_write, s, DRAM, 36, 806712172
Mon Apr  1 12:07:13 2019, random_write, s, DRAM, 36, 9271547558
Mon Apr  1 12:07:31 2019, backwards_write, s, DRAM, 36, 1260627016
Mon Apr  1 12:07:32 2019, sequential_write, s, DRAM, 36, 810811404
Mon Apr  1 12:07:38 2019, random_write, s, DRAM, 36, 9284939394
Mon Apr  1 12:07:57 2019, backwards_write, s, DRAM, 36, 1261952384
Mon Apr  1 12:07:58 2019, sequential_write, s, DRAM, 36, 809244728
Mon Apr  1 12:08:04 2019, random_write, s, DRAM, 36, 9276857656
Mon Apr  1 12:08:23 2019, backwards_write, s, DRAM, 36, 1261780906
Mon Apr  1 12:08:23 2019, sequential_write, s, DRAM, 36, 808649064
Mon Apr  1 12:08:30 2019, random_write, s, DRAM, 36, 9271827452
Mon Apr  1 12:08:48 2019, backwards_write, s, DRAM, 36, 1264285184
Mon Apr  1 12:08:49 2019, sequential_write, s, DRAM, 36, 807457332
Mon Apr  1 12:08:56 2019, random_write, s, DRAM, 36, 9286662642
Mon Apr  1 12:09:14 2019, backwards_write, s, DRAM, 36, 1262215684
Mon Apr  1 12:09:15 2019, sequential_write, s, DRAM, 36, 808518796
Mon Apr  1 12:09:21 2019, random_write, s, DRAM, 36, 9262409810
Mon Apr  1 12:09:40 2019, backwards_write, s, DRAM, 36, 1267863978
Mon Apr  1 12:09:41 2019, sequential_write, s, DRAM, 36, 807295312
Mon Apr  1 12:09:47 2019, random_write, s, DRAM, 36, 9282593498
Mon Apr  1 12:10:06 2019, backwards_write, s, DRAM, 36, 1268485854
Mon Apr  1 12:10:06 2019, sequential_write, s, DRAM, 36, 806918854
Mon Apr  1 12:10:13 2019, random_write, s, DRAM, 36, 9279008032
Mon Apr  1 12:10:31 2019, backwards_write, s, DRAM, 36, 1263676150
Mon Apr  1 12:10:32 2019, sequential_write, s, DRAM, 36, 806600770
Mon Apr  1 12:10:39 2019, random_write, s, DRAM, 36, 9277849392
Mon Apr  1 12:10:57 2019, backwards_write, s, DRAM, 36, 1394385076
Mon Apr  1 12:10:58 2019, sequential_write, s, DRAM, 36, 807000782
Mon Apr  1 12:11:05 2019, random_write, s, DRAM, 36, 9296125340
Mon Apr  1 12:11:23 2019, backwards_write, s, DRAM, 36, 1269050778
Mon Apr  1 12:11:24 2019, sequential_write, s, DRAM, 36, 808532798
Mon Apr  1 12:11:30 2019, random_write, s, DRAM, 36, 9290168868
Mon Apr  1 12:11:49 2019, backwards_write, s, DRAM, 36, 1267206016
Mon Apr  1 12:11:50 2019, sequential_write, s, DRAM, 36, 808539784
Mon Apr  1 12:11:56 2019, random_write, s, DRAM, 36, 9295226886
Mon Apr  1 12:12:14 2019, backwards_write, s, DRAM, 36, 1263979682
Mon Apr  1 12:12:15 2019, sequential_write, s, DRAM, 36, 806684654
Mon Apr  1 12:12:22 2019, random_write, s, DRAM, 36, 9279873724
Mon Apr  1 12:12:40 2019, backwards_write, s, DRAM, 36, 1261369144
Mon Apr  1 12:12:41 2019, sequential_write, s, DRAM, 36, 808279712
Mon Apr  1 12:12:48 2019, random_write, s, DRAM, 36, 9281502348
Mon Apr  1 12:13:06 2019, backwards_write, s, DRAM, 36, 1396215228
Mon Apr  1 12:13:07 2019, sequential_write, s, DRAM, 36, 807908482
Mon Apr  1 12:13:13 2019, random_write, s, DRAM, 36, 9262145222
Mon Apr  1 12:13:32 2019, backwards_write, s, DRAM, 36, 1260757524
Mon Apr  1 12:13:33 2019, sequential_write, s, DRAM, 2, 803827200
Mon Apr  1 12:13:39 2019, random_write, s, DRAM, 2, 9230627450
Mon Apr  1 12:13:58 2019, backwards_write, s, DRAM, 2, 1381336286
Mon Apr  1 12:13:58 2019, sequential_write, s, DRAM, 2, 805604900
Mon Apr  1 12:14:05 2019, random_write, s, DRAM, 2, 9229887880
Mon Apr  1 12:14:23 2019, backwards_write, s, DRAM, 2, 1391917178
Mon Apr  1 12:14:24 2019, sequential_write, s, DRAM, 2, 803878938
Mon Apr  1 12:14:31 2019, random_write, s, DRAM, 2, 9230499982
Mon Apr  1 12:14:49 2019, backwards_write, s, DRAM, 2, 1381854196
Mon Apr  1 12:14:50 2019, sequential_write, s, DRAM, 2, 803915570
Mon Apr  1 12:14:57 2019, random_write, s, DRAM, 2, 9235820784
Mon Apr  1 12:15:15 2019, backwards_write, s, DRAM, 2, 1381484692
Mon Apr  1 12:15:16 2019, sequential_write, s, DRAM, 2, 803524082
Mon Apr  1 12:15:22 2019, random_write, s, DRAM, 2, 9233325026
Mon Apr  1 12:15:41 2019, backwards_write, s, DRAM, 2, 1378522316
Mon Apr  1 12:15:42 2019, sequential_write, s, DRAM, 2, 804307766
Mon Apr  1 12:15:48 2019, random_write, s, DRAM, 2, 9225374666
Mon Apr  1 12:16:07 2019, backwards_write, s, DRAM, 2, 1381309744
Mon Apr  1 12:16:08 2019, sequential_write, s, DRAM, 2, 804491960
Mon Apr  1 12:16:14 2019, random_write, s, DRAM, 2, 9207658492
Mon Apr  1 12:16:33 2019, backwards_write, s, DRAM, 2, 1383945902
Mon Apr  1 12:16:33 2019, sequential_write, s, DRAM, 2, 804163710
Mon Apr  1 12:16:40 2019, random_write, s, DRAM, 2, 9229422088
Mon Apr  1 12:16:58 2019, backwards_write, s, DRAM, 2, 1383865752
Mon Apr  1 12:16:59 2019, sequential_write, s, DRAM, 2, 803619658
Mon Apr  1 12:17:06 2019, random_write, s, DRAM, 2, 9232234308
Mon Apr  1 12:17:24 2019, backwards_write, s, DRAM, 2, 1384246416
Mon Apr  1 12:17:25 2019, sequential_write, s, DRAM, 2, 804844994
Mon Apr  1 12:17:31 2019, random_write, s, DRAM, 2, 9233058886
Mon Apr  1 12:17:50 2019, backwards_write, s, DRAM, 2, 1385301094
Mon Apr  1 12:17:51 2019, sequential_write, s, DRAM, 2, 805549650
Mon Apr  1 12:17:57 2019, random_write, s, DRAM, 2, 9223449220
Mon Apr  1 12:18:16 2019, backwards_write, s, DRAM, 2, 1382068054
Mon Apr  1 12:18:17 2019, sequential_write, s, DRAM, 2, 803645616
Mon Apr  1 12:18:23 2019, random_write, s, DRAM, 2, 9230218992
Mon Apr  1 12:18:42 2019, backwards_write, s, DRAM, 2, 1382008124
Mon Apr  1 12:18:42 2019, sequential_write, s, DRAM, 2, 805800546
Mon Apr  1 12:18:49 2019, random_write, s, DRAM, 2, 9227812536
Mon Apr  1 12:19:07 2019, backwards_write, s, DRAM, 2, 1376387986
Mon Apr  1 12:19:08 2019, sequential_write, s, DRAM, 2, 804664156
Mon Apr  1 12:19:15 2019, random_write, s, DRAM, 2, 9227541176
Mon Apr  1 12:19:33 2019, backwards_write, s, DRAM, 2, 1385020144
Mon Apr  1 12:19:34 2019, sequential_write, s, DRAM, 2, 803746574
Mon Apr  1 12:19:41 2019, random_write, s, DRAM, 2, 9230083598
Mon Apr  1 12:19:59 2019, backwards_write, s, DRAM, 2, 1384375826
Mon Apr  1 12:20:00 2019, sequential_write, s, DRAM, 2, 804970056
Mon Apr  1 12:20:06 2019, random_write, s, DRAM, 2, 9228220014
Mon Apr  1 12:20:25 2019, backwards_write, s, DRAM, 2, 1378090380
Mon Apr  1 12:20:26 2019, sequential_write, s, DRAM, 2, 803433804
Mon Apr  1 12:20:32 2019, random_write, s, DRAM, 2, 9232759514
Mon Apr  1 12:20:51 2019, backwards_write, s, DRAM, 2, 1382979082
Mon Apr  1 12:20:52 2019, sequential_write, s, DRAM, 2, 805107678
Mon Apr  1 12:20:58 2019, random_write, s, DRAM, 2, 9233399186
Mon Apr  1 12:21:17 2019, backwards_write, s, DRAM, 2, 1385432960
Mon Apr  1 12:21:17 2019, sequential_write, s, DRAM, 2, 805106998
Mon Apr  1 12:21:24 2019, random_write, s, DRAM, 2, 9225296900
Mon Apr  1 12:21:42 2019, backwards_write, s, DRAM, 2, 1385618662
Mon Apr  1 12:21:43 2019, sequential_write, s, DRAM, 2, 804327264
Mon Apr  1 12:21:50 2019, random_write, s, DRAM, 2, 9232068636
Mon Apr  1 12:22:08 2019, backwards_write, s, DRAM, 2, 1382455962
end test Mon Apr 1 12:22:08 EDT 2019
