Mon Nov 19 20:41:58 2018, sequential_write, DRAM, t, 1, 1492282856
Mon Nov 19 20:42:06 2018, random_write, DRAM, t, 1, 11729057448
Mon Nov 19 20:42:23 2018, backwards_write, DRAM, t, 1, 1404118174
Mon Nov 19 20:42:29 2018, sequential_write, /mnt/pmem0/copy-test, p, 1, 2312661102
Mon Nov 19 20:42:29 2018, sequential_write, DRAM, s, 20, 1513436176
Mon Nov 19 20:42:42 2018, random_write, /mnt/pmem0/copy-test, p, 1, 10570103822
Mon Nov 19 20:42:42 2018, random_write, DRAM, s, 20, 12520979442
Mon Nov 19 20:43:06 2018, backwards_write, /mnt/pmem0/copy-test, p, 1, 2905067160
Mon Nov 19 20:43:06 2018, backwards_write, DRAM, s, 20, 3493634320
Mon Nov 19 20:43:14 2018, sequential_write, /mnt/pmem0/copy-test, p, 1, 2403001724
Mon Nov 19 20:43:14 2018, sequential_write, /mnt/pmem0/copy-test, p, 2, 2396117596
Mon Nov 19 20:43:14 2018, sequential_write, DRAM, s, 20, 953200726
Mon Nov 19 20:43:32 2018, random_write, /mnt/pmem0/copy-test, p, 1, 10651761678
Mon Nov 19 20:43:32 2018, random_write, /mnt/pmem0/copy-test, p, 2, 10731192466
Mon Nov 19 20:43:32 2018, random_write, DRAM, s, 20, 12686025414
Mon Nov 19 20:44:00 2018, backwards_write, /mnt/pmem0/copy-test, p, 1, 2930022176
Mon Nov 19 20:44:00 2018, backwards_write, /mnt/pmem0/copy-test, p, 2, 2745724382
Mon Nov 19 20:44:00 2018, backwards_write, DRAM, s, 20, 3406335102
Mon Nov 19 20:44:15 2018, sequential_write, /mnt/pmem0/copy-test, p, 1, 2452369032
Mon Nov 19 20:44:15 2018, sequential_write, /mnt/pmem0/copy-test, p, 2, 2444620816
Mon Nov 19 20:44:15 2018, sequential_write, /mnt/pmem0/copy-test, p, 3, 2459975066
Mon Nov 19 20:44:15 2018, sequential_write, DRAM, s, 20, 1518332120
Mon Nov 19 20:44:37 2018, random_write, /mnt/pmem0/copy-test, p, 1, 10765725678
Mon Nov 19 20:44:37 2018, random_write, /mnt/pmem0/copy-test, p, 2, 10860108098
Mon Nov 19 20:44:37 2018, random_write, /mnt/pmem0/copy-test, p, 3, 10905534782
Mon Nov 19 20:44:37 2018, random_write, DRAM, s, 20, 13591634498
Mon Nov 19 20:45:10 2018, backwards_write, /mnt/pmem0/copy-test, p, 1, 3171243846
Mon Nov 19 20:45:10 2018, backwards_write, /mnt/pmem0/copy-test, p, 2, 2743820010
Mon Nov 19 20:45:10 2018, backwards_write, /mnt/pmem0/copy-test, p, 3, 2915625646
Mon Nov 19 20:45:10 2018, backwards_write, DRAM, s, 20, 3263140650
Mon Nov 19 20:45:29 2018, sequential_write, /mnt/pmem0/copy-test, p, 1, 2548892704
Mon Nov 19 20:45:29 2018, sequential_write, /mnt/pmem0/copy-test, p, 2, 2538556040
Mon Nov 19 20:45:29 2018, sequential_write, /mnt/pmem0/copy-test, p, 3, 2556429400
Mon Nov 19 20:45:29 2018, sequential_write, /mnt/pmem0/copy-test, p, 4, 2575178174
Mon Nov 19 20:45:29 2018, sequential_write, DRAM, s, 20, 1521766588
Mon Nov 19 20:45:56 2018, random_write, /mnt/pmem0/copy-test, p, 1, 10887896366
Mon Nov 19 20:45:56 2018, random_write, /mnt/pmem0/copy-test, p, 2, 10956095464
Mon Nov 19 20:45:56 2018, random_write, /mnt/pmem0/copy-test, p, 3, 11013829578
Mon Nov 19 20:45:56 2018, random_write, /mnt/pmem0/copy-test, p, 4, 11148393072
Mon Nov 19 20:45:56 2018, random_write, DRAM, s, 20, 13647252852
Mon Nov 19 20:46:33 2018, backwards_write, /mnt/pmem0/copy-test, p, 1, 3369347450
Mon Nov 19 20:46:33 2018, backwards_write, /mnt/pmem0/copy-test, p, 2, 2931964232
Mon Nov 19 20:46:33 2018, backwards_write, /mnt/pmem0/copy-test, p, 3, 3125682582
Mon Nov 19 20:46:33 2018, backwards_write, /mnt/pmem0/copy-test, p, 4, 2761615400
Mon Nov 19 20:46:33 2018, backwards_write, DRAM, s, 20, 3824859384
Mon Nov 19 20:46:57 2018, sequential_write, /mnt/pmem0/copy-test, p, 1, 2665979900
Mon Nov 19 20:46:57 2018, sequential_write, /mnt/pmem0/copy-test, p, 2, 2644304312
Mon Nov 19 20:46:57 2018, sequential_write, /mnt/pmem0/copy-test, p, 3, 2658823038
Mon Nov 19 20:46:57 2018, sequential_write, /mnt/pmem0/copy-test, p, 4, 2690922536
Mon Nov 19 20:46:57 2018, sequential_write, /mnt/pmem0/copy-test, p, 5, 2703606992
Mon Nov 19 20:46:57 2018, sequential_write, DRAM, s, 20, 1533324200
Mon Nov 19 20:47:27 2018, random_write, /mnt/pmem0/copy-test, p, 1, 11016222736
Mon Nov 19 20:47:27 2018, random_write, /mnt/pmem0/copy-test, p, 2, 11130211382
Mon Nov 19 20:47:27 2018, random_write, /mnt/pmem0/copy-test, p, 3, 11158182274
Mon Nov 19 20:47:27 2018, random_write, /mnt/pmem0/copy-test, p, 4, 11316066770
Mon Nov 19 20:47:27 2018, random_write, /mnt/pmem0/copy-test, p, 5, 11331334832
Mon Nov 19 20:47:27 2018, random_write, DRAM, s, 20, 13158246128
Mon Nov 19 20:48:08 2018, backwards_write, /mnt/pmem0/copy-test, p, 1, 3179688218
Mon Nov 19 20:48:08 2018, backwards_write, /mnt/pmem0/copy-test, p, 2, 2966315612
Mon Nov 19 20:48:08 2018, backwards_write, /mnt/pmem0/copy-test, p, 3, 2776911588
Mon Nov 19 20:48:08 2018, backwards_write, /mnt/pmem0/copy-test, p, 4, 2537964618
Mon Nov 19 20:48:08 2018, backwards_write, /mnt/pmem0/copy-test, p, 5, 3262181446
Mon Nov 19 20:48:08 2018, backwards_write, DRAM, s, 20, 1374516758
Mon Nov 19 20:48:36 2018, sequential_write, /mnt/pmem0/copy-test, p, 1, 2762567300
Mon Nov 19 20:48:36 2018, sequential_write, /mnt/pmem0/copy-test, p, 2, 2746356032
Mon Nov 19 20:48:36 2018, sequential_write, /mnt/pmem0/copy-test, p, 3, 2777490544
Mon Nov 19 20:48:36 2018, sequential_write, /mnt/pmem0/copy-test, p, 4, 2793595274
Mon Nov 19 20:48:36 2018, sequential_write, /mnt/pmem0/copy-test, p, 5, 2810237858
Mon Nov 19 20:48:36 2018, sequential_write, /mnt/pmem0/copy-test, p, 6, 2754897856
Mon Nov 19 20:48:36 2018, sequential_write, DRAM, s, 20, 1533287692
Mon Nov 19 20:49:11 2018, random_write, /mnt/pmem0/copy-test, p, 1, 11089389856
Mon Nov 19 20:49:11 2018, random_write, /mnt/pmem0/copy-test, p, 2, 11203398356
Mon Nov 19 20:49:11 2018, random_write, /mnt/pmem0/copy-test, p, 3, 11231954246
Mon Nov 19 20:49:11 2018, random_write, /mnt/pmem0/copy-test, p, 4, 11381361774
Mon Nov 19 20:49:11 2018, random_write, /mnt/pmem0/copy-test, p, 5, 11412162384
Mon Nov 19 20:49:11 2018, random_write, /mnt/pmem0/copy-test, p, 6, 11193157094
Mon Nov 19 20:49:11 2018, random_write, DRAM, s, 20, 13717076920
Mon Nov 19 20:49:56 2018, backwards_write, /mnt/pmem0/copy-test, p, 1, 3563909654
Mon Nov 19 20:49:56 2018, backwards_write, /mnt/pmem0/copy-test, p, 2, 3414906246
Mon Nov 19 20:49:56 2018, backwards_write, /mnt/pmem0/copy-test, p, 3, 2723034164
Mon Nov 19 20:49:56 2018, backwards_write, /mnt/pmem0/copy-test, p, 4, 2825038730
Mon Nov 19 20:49:56 2018, backwards_write, /mnt/pmem0/copy-test, p, 5, 3216516820
Mon Nov 19 20:49:56 2018, backwards_write, /mnt/pmem0/copy-test, p, 6, 2651665972
Mon Nov 19 20:49:56 2018, backwards_write, DRAM, s, 20, 1468574158
Mon Nov 19 20:50:28 2018, sequential_write, /mnt/pmem0/copy-test, p, 1, 2949519104
Mon Nov 19 20:50:28 2018, sequential_write, /mnt/pmem0/copy-test, p, 2, 2906163252
Mon Nov 19 20:50:28 2018, sequential_write, /mnt/pmem0/copy-test, p, 3, 2939248918
Mon Nov 19 20:50:28 2018, sequential_write, /mnt/pmem0/copy-test, p, 4, 2973828852
Mon Nov 19 20:50:28 2018, sequential_write, /mnt/pmem0/copy-test, p, 5, 2991303286
Mon Nov 19 20:50:28 2018, sequential_write, /mnt/pmem0/copy-test, p, 6, 2932250232
Mon Nov 19 20:50:28 2018, sequential_write, /mnt/pmem0/copy-test, p, 7, 2919910022
Mon Nov 19 20:50:28 2018, sequential_write, DRAM, s, 20, 1545525990
Mon Nov 19 20:51:07 2018, random_write, /mnt/pmem0/copy-test, p, 1, 11275602492
Mon Nov 19 20:51:07 2018, random_write, /mnt/pmem0/copy-test, p, 2, 11349532980
Mon Nov 19 20:51:07 2018, random_write, /mnt/pmem0/copy-test, p, 3, 11424206078
Mon Nov 19 20:51:07 2018, random_write, /mnt/pmem0/copy-test, p, 4, 11545715230
Mon Nov 19 20:51:07 2018, random_write, /mnt/pmem0/copy-test, p, 5, 11582031346
Mon Nov 19 20:51:07 2018, random_write, /mnt/pmem0/copy-test, p, 6, 11375577486
Mon Nov 19 20:51:07 2018, random_write, /mnt/pmem0/copy-test, p, 7, 11361174536
Mon Nov 19 20:51:07 2018, random_write, DRAM, s, 20, 13475040050
Mon Nov 19 20:51:57 2018, backwards_write, /mnt/pmem0/copy-test, p, 1, 2819503184
Mon Nov 19 20:51:57 2018, backwards_write, /mnt/pmem0/copy-test, p, 2, 3758515880
Mon Nov 19 20:51:57 2018, backwards_write, /mnt/pmem0/copy-test, p, 3, 3227909286
Mon Nov 19 20:51:57 2018, backwards_write, /mnt/pmem0/copy-test, p, 4, 3418132304
Mon Nov 19 20:51:57 2018, backwards_write, /mnt/pmem0/copy-test, p, 5, 3621524206
Mon Nov 19 20:51:57 2018, backwards_write, /mnt/pmem0/copy-test, p, 6, 2878629648
Mon Nov 19 20:51:57 2018, backwards_write, /mnt/pmem0/copy-test, p, 7, 3065021928
Mon Nov 19 20:51:57 2018, backwards_write, DRAM, s, 20, 1332568628
Mon Nov 19 20:52:34 2018, sequential_write, /mnt/pmem0/copy-test, p, 1, 3158558804
Mon Nov 19 20:52:34 2018, sequential_write, /mnt/pmem0/copy-test, p, 2, 3164610252
Mon Nov 19 20:52:34 2018, sequential_write, /mnt/pmem0/copy-test, p, 3, 3177692752
Mon Nov 19 20:52:34 2018, sequential_write, /mnt/pmem0/copy-test, p, 4, 3204241892
Mon Nov 19 20:52:34 2018, sequential_write, /mnt/pmem0/copy-test, p, 5, 3223271174
Mon Nov 19 20:52:34 2018, sequential_write, /mnt/pmem0/copy-test, p, 6, 3187359540
Mon Nov 19 20:52:34 2018, sequential_write, /mnt/pmem0/copy-test, p, 7, 3171446088
Mon Nov 19 20:52:34 2018, sequential_write, /mnt/pmem0/copy-test, p, 8, 3148757856
Mon Nov 19 20:52:34 2018, sequential_write, DRAM, s, 20, 1574997314
Mon Nov 19 20:53:17 2018, random_write, /mnt/pmem0/copy-test, p, 1, 11400793254
Mon Nov 19 20:53:17 2018, random_write, /mnt/pmem0/copy-test, p, 2, 11490297400
Mon Nov 19 20:53:17 2018, random_write, /mnt/pmem0/copy-test, p, 3, 11537601364
Mon Nov 19 20:53:17 2018, random_write, /mnt/pmem0/copy-test, p, 4, 11663935054
Mon Nov 19 20:53:17 2018, random_write, /mnt/pmem0/copy-test, p, 5, 11705545454
Mon Nov 19 20:53:17 2018, random_write, /mnt/pmem0/copy-test, p, 6, 11488843682
Mon Nov 19 20:53:17 2018, random_write, /mnt/pmem0/copy-test, p, 7, 11482008238
Mon Nov 19 20:53:17 2018, random_write, /mnt/pmem0/copy-test, p, 8, 11523408842
Mon Nov 19 20:53:17 2018, random_write, DRAM, s, 20, 13875288502
Mon Nov 19 20:54:11 2018, backwards_write, /mnt/pmem0/copy-test, p, 1, 3045704932
Mon Nov 19 20:54:11 2018, backwards_write, /mnt/pmem0/copy-test, p, 2, 3116504200
Mon Nov 19 20:54:11 2018, backwards_write, /mnt/pmem0/copy-test, p, 3, 3874094476
Mon Nov 19 20:54:11 2018, backwards_write, /mnt/pmem0/copy-test, p, 4, 3383338692
Mon Nov 19 20:54:11 2018, backwards_write, /mnt/pmem0/copy-test, p, 5, 3229357498
Mon Nov 19 20:54:11 2018, backwards_write, /mnt/pmem0/copy-test, p, 6, 4049912454
Mon Nov 19 20:54:11 2018, backwards_write, /mnt/pmem0/copy-test, p, 7, 3684957382
Mon Nov 19 20:54:11 2018, backwards_write, /mnt/pmem0/copy-test, p, 8, 3516369992
Mon Nov 19 20:54:11 2018, backwards_write, DRAM, s, 20, 1352413776
Mon Nov 19 20:54:53 2018, sequential_write, /mnt/pmem0/copy-test, p, 1, 3478662592
Mon Nov 19 20:54:53 2018, sequential_write, /mnt/pmem0/copy-test, p, 2, 3458302656
Mon Nov 19 20:54:53 2018, sequential_write, /mnt/pmem0/copy-test, p, 3, 3468413016
Mon Nov 19 20:54:53 2018, sequential_write, /mnt/pmem0/copy-test, p, 4, 3503897746
Mon Nov 19 20:54:53 2018, sequential_write, /mnt/pmem0/copy-test, p, 5, 3528046482
Mon Nov 19 20:54:53 2018, sequential_write, /mnt/pmem0/copy-test, p, 6, 3492129548
Mon Nov 19 20:54:53 2018, sequential_write, /mnt/pmem0/copy-test, p, 7, 3449842850
Mon Nov 19 20:54:53 2018, sequential_write, /mnt/pmem0/copy-test, p, 8, 3438434360
Mon Nov 19 20:54:53 2018, sequential_write, /mnt/pmem0/copy-test, p, 9, 3429587534
Mon Nov 19 20:54:53 2018, sequential_write, DRAM, s, 20, 1556506398
Mon Nov 19 20:55:41 2018, random_write, /mnt/pmem0/copy-test, p, 1, 11590761372
Mon Nov 19 20:55:41 2018, random_write, /mnt/pmem0/copy-test, p, 2, 11665747482
Mon Nov 19 20:55:41 2018, random_write, /mnt/pmem0/copy-test, p, 3, 11725776482
Mon Nov 19 20:55:41 2018, random_write, /mnt/pmem0/copy-test, p, 4, 11852810380
Mon Nov 19 20:55:41 2018, random_write, /mnt/pmem0/copy-test, p, 5, 11918560462
Mon Nov 19 20:55:41 2018, random_write, /mnt/pmem0/copy-test, p, 6, 11685622744
Mon Nov 19 20:55:41 2018, random_write, /mnt/pmem0/copy-test, p, 7, 11684267784
Mon Nov 19 20:55:41 2018, random_write, /mnt/pmem0/copy-test, p, 8, 11711845018
Mon Nov 19 20:55:41 2018, random_write, /mnt/pmem0/copy-test, p, 9, 11741000466
Mon Nov 19 20:55:41 2018, random_write, DRAM, s, 20, 14168859344
Mon Nov 19 20:56:43 2018, backwards_write, /mnt/pmem0/copy-test, p, 1, 4289888602
Mon Nov 19 20:56:43 2018, backwards_write, /mnt/pmem0/copy-test, p, 2, 3512945958
Mon Nov 19 20:56:43 2018, backwards_write, /mnt/pmem0/copy-test, p, 3, 3360801226
Mon Nov 19 20:56:43 2018, backwards_write, /mnt/pmem0/copy-test, p, 4, 3715050926
Mon Nov 19 20:56:43 2018, backwards_write, /mnt/pmem0/copy-test, p, 5, 3994894140
Mon Nov 19 20:56:43 2018, backwards_write, /mnt/pmem0/copy-test, p, 6, 3433138910
Mon Nov 19 20:56:43 2018, backwards_write, /mnt/pmem0/copy-test, p, 7, 4455981190
Mon Nov 19 20:56:43 2018, backwards_write, /mnt/pmem0/copy-test, p, 8, 3633111034
Mon Nov 19 20:56:43 2018, backwards_write, /mnt/pmem0/copy-test, p, 9, 4131734818
Mon Nov 19 20:56:43 2018, backwards_write, DRAM, s, 20, 1501173108
Mon Nov 19 20:57:30 2018, sequential_write, /mnt/pmem0/copy-test, p, 1, 3805486870
Mon Nov 19 20:57:30 2018, sequential_write, /mnt/pmem0/copy-test, p, 2, 3813131368
Mon Nov 19 20:57:30 2018, sequential_write, /mnt/pmem0/copy-test, p, 3, 3796150140
Mon Nov 19 20:57:30 2018, sequential_write, /mnt/pmem0/copy-test, p, 4, 3874370430
Mon Nov 19 20:57:30 2018, sequential_write, /mnt/pmem0/copy-test, p, 5, 3904599656
Mon Nov 19 20:57:30 2018, sequential_write, /mnt/pmem0/copy-test, p, 6, 3827754078
Mon Nov 19 20:57:30 2018, sequential_write, /mnt/pmem0/copy-test, p, 7, 3840439832
Mon Nov 19 20:57:30 2018, sequential_write, /mnt/pmem0/copy-test, p, 8, 3776409288
Mon Nov 19 20:57:30 2018, sequential_write, /mnt/pmem0/copy-test, p, 9, 3788449910
Mon Nov 19 20:57:30 2018, sequential_write, /mnt/pmem0/copy-test, p, 10, 3854120648
Mon Nov 19 20:57:30 2018, sequential_write, DRAM, s, 20, 1558457676
Mon Nov 19 20:58:21 2018, random_write, /mnt/pmem0/copy-test, p, 1, 11834543894
Mon Nov 19 20:58:21 2018, random_write, /mnt/pmem0/copy-test, p, 2, 11890041508
Mon Nov 19 20:58:21 2018, random_write, /mnt/pmem0/copy-test, p, 3, 11948406788
Mon Nov 19 20:58:21 2018, random_write, /mnt/pmem0/copy-test, p, 4, 12076781988
Mon Nov 19 20:58:21 2018, random_write, /mnt/pmem0/copy-test, p, 5, 12111287118
Mon Nov 19 20:58:21 2018, random_write, /mnt/pmem0/copy-test, p, 6, 11919700744
Mon Nov 19 20:58:21 2018, random_write, /mnt/pmem0/copy-test, p, 7, 11905520112
Mon Nov 19 20:58:21 2018, random_write, /mnt/pmem0/copy-test, p, 8, 11935684880
Mon Nov 19 20:58:21 2018, random_write, /mnt/pmem0/copy-test, p, 9, 11962550814
Mon Nov 19 20:58:21 2018, random_write, /mnt/pmem0/copy-test, p, 10, 12115987344
Mon Nov 19 20:58:21 2018, random_write, DRAM, s, 20, 14345551928
Mon Nov 19 20:59:29 2018, backwards_write, /mnt/pmem0/copy-test, p, 1, 3734675042
Mon Nov 19 20:59:29 2018, backwards_write, /mnt/pmem0/copy-test, p, 2, 3983637468
Mon Nov 19 20:59:29 2018, backwards_write, /mnt/pmem0/copy-test, p, 3, 4360046220
Mon Nov 19 20:59:29 2018, backwards_write, /mnt/pmem0/copy-test, p, 4, 4074790550
Mon Nov 19 20:59:29 2018, backwards_write, /mnt/pmem0/copy-test, p, 5, 3837936258
Mon Nov 19 20:59:29 2018, backwards_write, /mnt/pmem0/copy-test, p, 6, 4677768560
Mon Nov 19 20:59:29 2018, backwards_write, /mnt/pmem0/copy-test, p, 7, 4515432712
Mon Nov 19 20:59:29 2018, backwards_write, /mnt/pmem0/copy-test, p, 8, 4828100934
Mon Nov 19 20:59:29 2018, backwards_write, /mnt/pmem0/copy-test, p, 9, 3653035080
Mon Nov 19 20:59:29 2018, backwards_write, /mnt/pmem0/copy-test, p, 10, 4191670124
Mon Nov 19 20:59:29 2018, backwards_write, DRAM, s, 20, 1459958218
Mon Nov 19 21:00:20 2018, sequential_write, /mnt/pmem0/copy-test, p, 1, 4232972192
Mon Nov 19 21:00:20 2018, sequential_write, /mnt/pmem0/copy-test, p, 2, 4166427156
Mon Nov 19 21:00:20 2018, sequential_write, /mnt/pmem0/copy-test, p, 3, 4217307856
Mon Nov 19 21:00:20 2018, sequential_write, /mnt/pmem0/copy-test, p, 4, 4278498428
Mon Nov 19 21:00:20 2018, sequential_write, /mnt/pmem0/copy-test, p, 5, 4316402236
Mon Nov 19 21:00:20 2018, sequential_write, /mnt/pmem0/copy-test, p, 6, 4203401242
Mon Nov 19 21:00:20 2018, sequential_write, /mnt/pmem0/copy-test, p, 7, 4194047748
Mon Nov 19 21:00:20 2018, sequential_write, /mnt/pmem0/copy-test, p, 8, 4151446700
Mon Nov 19 21:00:20 2018, sequential_write, /mnt/pmem0/copy-test, p, 9, 4171664384
Mon Nov 19 21:00:20 2018, sequential_write, /mnt/pmem0/copy-test, p, 10, 4185339730
Mon Nov 19 21:00:20 2018, sequential_write, /mnt/pmem0/copy-test, p, 11, 4253885794
Mon Nov 19 21:00:20 2018, sequential_write, DRAM, s, 20, 1607481702
Mon Nov 19 21:01:16 2018, random_write, /mnt/pmem0/copy-test, p, 1, 12158761082
Mon Nov 19 21:01:16 2018, random_write, /mnt/pmem0/copy-test, p, 2, 12238755790
Mon Nov 19 21:01:16 2018, random_write, /mnt/pmem0/copy-test, p, 3, 12285810398
Mon Nov 19 21:01:16 2018, random_write, /mnt/pmem0/copy-test, p, 4, 12414445444
Mon Nov 19 21:01:16 2018, random_write, /mnt/pmem0/copy-test, p, 5, 12482374604
Mon Nov 19 21:01:16 2018, random_write, /mnt/pmem0/copy-test, p, 6, 12263234296
Mon Nov 19 21:01:16 2018, random_write, /mnt/pmem0/copy-test, p, 7, 12245575952
Mon Nov 19 21:01:16 2018, random_write, /mnt/pmem0/copy-test, p, 8, 12282097530
Mon Nov 19 21:01:16 2018, random_write, /mnt/pmem0/copy-test, p, 9, 12308528836
Mon Nov 19 21:01:16 2018, random_write, /mnt/pmem0/copy-test, p, 10, 12450228232
Mon Nov 19 21:01:16 2018, random_write, /mnt/pmem0/copy-test, p, 11, 12505787932
Mon Nov 19 21:01:16 2018, random_write, DRAM, s, 20, 14592225360
Mon Nov 19 21:02:31 2018, backwards_write, /mnt/pmem0/copy-test, p, 1, 4029731952
Mon Nov 19 21:02:31 2018, backwards_write, /mnt/pmem0/copy-test, p, 2, 4405849598
Mon Nov 19 21:02:31 2018, backwards_write, /mnt/pmem0/copy-test, p, 3, 5240298722
Mon Nov 19 21:02:31 2018, backwards_write, /mnt/pmem0/copy-test, p, 4, 4092143138
Mon Nov 19 21:02:31 2018, backwards_write, /mnt/pmem0/copy-test, p, 5, 4264569014
Mon Nov 19 21:02:31 2018, backwards_write, /mnt/pmem0/copy-test, p, 6, 4950015986
Mon Nov 19 21:02:31 2018, backwards_write, /mnt/pmem0/copy-test, p, 7, 5095297240
Mon Nov 19 21:02:31 2018, backwards_write, /mnt/pmem0/copy-test, p, 8, 4783931704
Mon Nov 19 21:02:31 2018, backwards_write, /mnt/pmem0/copy-test, p, 9, 4586336246
Mon Nov 19 21:02:31 2018, backwards_write, /mnt/pmem0/copy-test, p, 10, 4151470482
Mon Nov 19 21:02:31 2018, backwards_write, /mnt/pmem0/copy-test, p, 11, 4662382556
Mon Nov 19 21:02:31 2018, backwards_write, DRAM, s, 20, 1679258952
Mon Nov 19 21:03:21 2018, sequential_write, /mnt/pmem0/copy-test, p, 1, 4582699358
Mon Nov 19 21:03:21 2018, sequential_write, /mnt/pmem0/copy-test, p, 2, 4566152906
Mon Nov 19 21:03:21 2018, sequential_write, /mnt/pmem0/copy-test, p, 3, 4524518554
Mon Nov 19 21:03:21 2018, sequential_write, /mnt/pmem0/copy-test, p, 4, 4661615158
Mon Nov 19 21:03:21 2018, sequential_write, /mnt/pmem0/copy-test, p, 5, 4684788134
Mon Nov 19 21:03:21 2018, sequential_write, /mnt/pmem0/copy-test, p, 6, 4556182890
Mon Nov 19 21:03:21 2018, sequential_write, /mnt/pmem0/copy-test, p, 7, 4636205486
Mon Nov 19 21:03:21 2018, sequential_write, /mnt/pmem0/copy-test, p, 8, 4531886472
Mon Nov 19 21:03:21 2018, sequential_write, /mnt/pmem0/copy-test, p, 9, 4516098326
Mon Nov 19 21:03:21 2018, sequential_write, /mnt/pmem0/copy-test, p, 10, 4547090854
Mon Nov 19 21:03:21 2018, sequential_write, /mnt/pmem0/copy-test, p, 11, 4612722548
Mon Nov 19 21:03:21 2018, sequential_write, /mnt/pmem0/copy-test, p, 12, 4595686578
Mon Nov 19 21:03:21 2018, sequential_write, DRAM, s, 20, 1583896466
Mon Nov 19 21:04:21 2018, random_write, /mnt/pmem0/copy-test, p, 1, 12371813558
Mon Nov 19 21:04:21 2018, random_write, /mnt/pmem0/copy-test, p, 2, 12442558096
Mon Nov 19 21:04:21 2018, random_write, /mnt/pmem0/copy-test, p, 3, 12510361012
Mon Nov 19 21:04:21 2018, random_write, /mnt/pmem0/copy-test, p, 4, 12622170456
Mon Nov 19 21:04:21 2018, random_write, /mnt/pmem0/copy-test, p, 5, 12662459330
Mon Nov 19 21:04:21 2018, random_write, /mnt/pmem0/copy-test, p, 6, 12468278528
Mon Nov 19 21:04:21 2018, random_write, /mnt/pmem0/copy-test, p, 7, 12460504650
Mon Nov 19 21:04:21 2018, random_write, /mnt/pmem0/copy-test, p, 8, 12486774744
Mon Nov 19 21:04:21 2018, random_write, /mnt/pmem0/copy-test, p, 9, 12503169216
Mon Nov 19 21:04:21 2018, random_write, /mnt/pmem0/copy-test, p, 10, 12667805310
Mon Nov 19 21:04:21 2018, random_write, /mnt/pmem0/copy-test, p, 11, 12704923502
Mon Nov 19 21:04:21 2018, random_write, /mnt/pmem0/copy-test, p, 12, 12468051376
Mon Nov 19 21:04:21 2018, random_write, DRAM, s, 20, 14591259692
Mon Nov 19 21:05:42 2018, backwards_write, /mnt/pmem0/copy-test, p, 1, 4900898580
Mon Nov 19 21:05:42 2018, backwards_write, /mnt/pmem0/copy-test, p, 2, 4520175462
Mon Nov 19 21:05:42 2018, backwards_write, /mnt/pmem0/copy-test, p, 3, 5576673276
Mon Nov 19 21:05:42 2018, backwards_write, /mnt/pmem0/copy-test, p, 4, 4591950326
Mon Nov 19 21:05:42 2018, backwards_write, /mnt/pmem0/copy-test, p, 5, 5160225242
Mon Nov 19 21:05:42 2018, backwards_write, /mnt/pmem0/copy-test, p, 6, 5427546236
Mon Nov 19 21:05:42 2018, backwards_write, /mnt/pmem0/copy-test, p, 7, 5027824680
Mon Nov 19 21:05:42 2018, backwards_write, /mnt/pmem0/copy-test, p, 8, 5285990430
Mon Nov 19 21:05:42 2018, backwards_write, /mnt/pmem0/copy-test, p, 9, 4339902424
Mon Nov 19 21:05:42 2018, backwards_write, /mnt/pmem0/copy-test, p, 10, 5698801174
Mon Nov 19 21:05:42 2018, backwards_write, /mnt/pmem0/copy-test, p, 11, 4682380948
Mon Nov 19 21:05:42 2018, backwards_write, /mnt/pmem0/copy-test, p, 12, 4422757448
Mon Nov 19 21:05:42 2018, backwards_write, DRAM, s, 20, 1683814410
Mon Nov 19 21:06:43 2018, sequential_write, /mnt/pmem0/copy-test, p, 1, 4983849406
Mon Nov 19 21:06:43 2018, sequential_write, /mnt/pmem0/copy-test, p, 2, 4928733124
Mon Nov 19 21:06:43 2018, sequential_write, /mnt/pmem0/copy-test, p, 3, 4873330276
Mon Nov 19 21:06:43 2018, sequential_write, /mnt/pmem0/copy-test, p, 4, 5029566204
Mon Nov 19 21:06:43 2018, sequential_write, /mnt/pmem0/copy-test, p, 5, 5052539638
Mon Nov 19 21:06:43 2018, sequential_write, /mnt/pmem0/copy-test, p, 6, 4916744632
Mon Nov 19 21:06:43 2018, sequential_write, /mnt/pmem0/copy-test, p, 7, 5074662204
Mon Nov 19 21:06:43 2018, sequential_write, /mnt/pmem0/copy-test, p, 8, 4882924136
Mon Nov 19 21:06:43 2018, sequential_write, /mnt/pmem0/copy-test, p, 9, 4906165054
Mon Nov 19 21:06:43 2018, sequential_write, /mnt/pmem0/copy-test, p, 10, 4896445668
Mon Nov 19 21:06:43 2018, sequential_write, /mnt/pmem0/copy-test, p, 11, 4964120392
Mon Nov 19 21:06:43 2018, sequential_write, /mnt/pmem0/copy-test, p, 12, 5004043354
Mon Nov 19 21:06:43 2018, sequential_write, /mnt/pmem0/copy-test, p, 13, 4945575722
Mon Nov 19 21:06:43 2018, sequential_write, DRAM, s, 20, 1595474782
Mon Nov 19 21:07:47 2018, random_write, /mnt/pmem0/copy-test, p, 1, 12651489072
Mon Nov 19 21:07:47 2018, random_write, /mnt/pmem0/copy-test, p, 2, 12727148016
Mon Nov 19 21:07:47 2018, random_write, /mnt/pmem0/copy-test, p, 3, 12773514592
Mon Nov 19 21:07:47 2018, random_write, /mnt/pmem0/copy-test, p, 4, 12924999626
Mon Nov 19 21:07:47 2018, random_write, /mnt/pmem0/copy-test, p, 5, 12932578890
Mon Nov 19 21:07:47 2018, random_write, /mnt/pmem0/copy-test, p, 6, 12756519374
Mon Nov 19 21:07:47 2018, random_write, /mnt/pmem0/copy-test, p, 7, 12733648316
Mon Nov 19 21:07:47 2018, random_write, /mnt/pmem0/copy-test, p, 8, 12753907730
Mon Nov 19 21:07:47 2018, random_write, /mnt/pmem0/copy-test, p, 9, 12790943266
Mon Nov 19 21:07:47 2018, random_write, /mnt/pmem0/copy-test, p, 10, 12936161292
Mon Nov 19 21:07:47 2018, random_write, /mnt/pmem0/copy-test, p, 11, 12995010660
Mon Nov 19 21:07:47 2018, random_write, /mnt/pmem0/copy-test, p, 12, 12754446218
Mon Nov 19 21:07:47 2018, random_write, /mnt/pmem0/copy-test, p, 13, 12715872992
Mon Nov 19 21:07:47 2018, random_write, DRAM, s, 20, 14754844004
Mon Nov 19 21:09:15 2018, backwards_write, /mnt/pmem0/copy-test, p, 1, 5672818568
Mon Nov 19 21:09:15 2018, backwards_write, /mnt/pmem0/copy-test, p, 2, 5772225980
Mon Nov 19 21:09:15 2018, backwards_write, /mnt/pmem0/copy-test, p, 3, 5412974768
Mon Nov 19 21:09:15 2018, backwards_write, /mnt/pmem0/copy-test, p, 4, 4682322604
Mon Nov 19 21:09:15 2018, backwards_write, /mnt/pmem0/copy-test, p, 5, 5150434256
Mon Nov 19 21:09:15 2018, backwards_write, /mnt/pmem0/copy-test, p, 6, 5558540062
Mon Nov 19 21:09:15 2018, backwards_write, /mnt/pmem0/copy-test, p, 7, 5945398480
Mon Nov 19 21:09:15 2018, backwards_write, /mnt/pmem0/copy-test, p, 8, 4508847560
Mon Nov 19 21:09:15 2018, backwards_write, /mnt/pmem0/copy-test, p, 9, 5875524358
Mon Nov 19 21:09:15 2018, backwards_write, /mnt/pmem0/copy-test, p, 10, 4999749774
Mon Nov 19 21:09:15 2018, backwards_write, /mnt/pmem0/copy-test, p, 11, 5272082086
Mon Nov 19 21:09:15 2018, backwards_write, /mnt/pmem0/copy-test, p, 12, 4606803656
Mon Nov 19 21:09:15 2018, backwards_write, /mnt/pmem0/copy-test, p, 13, 4881936122
Mon Nov 19 21:09:15 2018, backwards_write, DRAM, s, 20, 1731649074
Mon Nov 19 21:10:20 2018, sequential_write, /mnt/pmem0/copy-test, p, 1, 5324262144
Mon Nov 19 21:10:20 2018, sequential_write, /mnt/pmem0/copy-test, p, 2, 5311966948
Mon Nov 19 21:10:20 2018, sequential_write, /mnt/pmem0/copy-test, p, 3, 5370843984
Mon Nov 19 21:10:20 2018, sequential_write, /mnt/pmem0/copy-test, p, 4, 5413791610
Mon Nov 19 21:10:20 2018, sequential_write, /mnt/pmem0/copy-test, p, 5, 5471563458
Mon Nov 19 21:10:20 2018, sequential_write, /mnt/pmem0/copy-test, p, 6, 5335443792
Mon Nov 19 21:10:20 2018, sequential_write, /mnt/pmem0/copy-test, p, 7, 5435241310
Mon Nov 19 21:10:20 2018, sequential_write, /mnt/pmem0/copy-test, p, 8, 5299168728
Mon Nov 19 21:10:20 2018, sequential_write, /mnt/pmem0/copy-test, p, 9, 5271272446
Mon Nov 19 21:10:20 2018, sequential_write, /mnt/pmem0/copy-test, p, 10, 5291220022
Mon Nov 19 21:10:20 2018, sequential_write, /mnt/pmem0/copy-test, p, 11, 5493808008
Mon Nov 19 21:10:20 2018, sequential_write, /mnt/pmem0/copy-test, p, 12, 5353144186
Mon Nov 19 21:10:20 2018, sequential_write, /mnt/pmem0/copy-test, p, 13, 5392224682
Mon Nov 19 21:10:20 2018, sequential_write, /mnt/pmem0/copy-test, p, 14, 5282976790
Mon Nov 19 21:10:20 2018, sequential_write, DRAM, s, 20, 1623712906
Mon Nov 19 21:11:30 2018, random_write, /mnt/pmem0/copy-test, p, 1, 12945491516
Mon Nov 19 21:11:30 2018, random_write, /mnt/pmem0/copy-test, p, 2, 13034668670
Mon Nov 19 21:11:30 2018, random_write, /mnt/pmem0/copy-test, p, 3, 13068727424
Mon Nov 19 21:11:30 2018, random_write, /mnt/pmem0/copy-test, p, 4, 13188309688
Mon Nov 19 21:11:30 2018, random_write, /mnt/pmem0/copy-test, p, 5, 13226386932
Mon Nov 19 21:11:30 2018, random_write, /mnt/pmem0/copy-test, p, 6, 13052151154
Mon Nov 19 21:11:30 2018, random_write, /mnt/pmem0/copy-test, p, 7, 13033272686
Mon Nov 19 21:11:30 2018, random_write, /mnt/pmem0/copy-test, p, 8, 13063812388
Mon Nov 19 21:11:30 2018, random_write, /mnt/pmem0/copy-test, p, 9, 13116667024
Mon Nov 19 21:11:30 2018, random_write, /mnt/pmem0/copy-test, p, 10, 13235891752
Mon Nov 19 21:11:30 2018, random_write, /mnt/pmem0/copy-test, p, 11, 13282980258
Mon Nov 19 21:11:30 2018, random_write, /mnt/pmem0/copy-test, p, 12, 13052837382
Mon Nov 19 21:11:30 2018, random_write, /mnt/pmem0/copy-test, p, 13, 13004934426
Mon Nov 19 21:11:30 2018, random_write, /mnt/pmem0/copy-test, p, 14, 13042945190
Mon Nov 19 21:11:30 2018, random_write, DRAM, s, 20, 15333141788
Mon Nov 19 21:13:03 2018, backwards_write, /mnt/pmem0/copy-test, p, 1, 5799844450
Mon Nov 19 21:13:03 2018, backwards_write, /mnt/pmem0/copy-test, p, 2, 5661338968
Mon Nov 19 21:13:03 2018, backwards_write, /mnt/pmem0/copy-test, p, 3, 5504561418
Mon Nov 19 21:13:03 2018, backwards_write, /mnt/pmem0/copy-test, p, 4, 6500641876
Mon Nov 19 21:13:03 2018, backwards_write, /mnt/pmem0/copy-test, p, 5, 6372630492
Mon Nov 19 21:13:03 2018, backwards_write, /mnt/pmem0/copy-test, p, 6, 5283474780
Mon Nov 19 21:13:03 2018, backwards_write, /mnt/pmem0/copy-test, p, 7, 6634316680
Mon Nov 19 21:13:03 2018, backwards_write, /mnt/pmem0/copy-test, p, 8, 5034216540
Mon Nov 19 21:13:03 2018, backwards_write, /mnt/pmem0/copy-test, p, 9, 6216480122
Mon Nov 19 21:13:03 2018, backwards_write, /mnt/pmem0/copy-test, p, 10, 5185466248
Mon Nov 19 21:13:03 2018, backwards_write, /mnt/pmem0/copy-test, p, 11, 5388830174
Mon Nov 19 21:13:03 2018, backwards_write, /mnt/pmem0/copy-test, p, 12, 5122982092
Mon Nov 19 21:13:03 2018, backwards_write, /mnt/pmem0/copy-test, p, 13, 5976707282
Mon Nov 19 21:13:03 2018, backwards_write, /mnt/pmem0/copy-test, p, 14, 6088548630
Mon Nov 19 21:13:03 2018, backwards_write, DRAM, s, 20, 2027050138
Mon Nov 19 21:14:12 2018, sequential_write, /mnt/pmem0/copy-test, p, 1, 5830270120
Mon Nov 19 21:14:12 2018, sequential_write, /mnt/pmem0/copy-test, p, 2, 5771750906
Mon Nov 19 21:14:12 2018, sequential_write, /mnt/pmem0/copy-test, p, 3, 5699455538
Mon Nov 19 21:14:12 2018, sequential_write, /mnt/pmem0/copy-test, p, 4, 5877291428
Mon Nov 19 21:14:12 2018, sequential_write, /mnt/pmem0/copy-test, p, 5, 5941131848
Mon Nov 19 21:14:12 2018, sequential_write, /mnt/pmem0/copy-test, p, 6, 5855103004
Mon Nov 19 21:14:12 2018, sequential_write, /mnt/pmem0/copy-test, p, 7, 5920957648
Mon Nov 19 21:14:12 2018, sequential_write, /mnt/pmem0/copy-test, p, 8, 5758192624
Mon Nov 19 21:14:12 2018, sequential_write, /mnt/pmem0/copy-test, p, 9, 5707026978
Mon Nov 19 21:14:12 2018, sequential_write, /mnt/pmem0/copy-test, p, 10, 5734024348
Mon Nov 19 21:14:12 2018, sequential_write, /mnt/pmem0/copy-test, p, 11, 5898536962
Mon Nov 19 21:14:12 2018, sequential_write, /mnt/pmem0/copy-test, p, 12, 5790873918
Mon Nov 19 21:14:12 2018, sequential_write, /mnt/pmem0/copy-test, p, 13, 5811346960
Mon Nov 19 21:14:12 2018, sequential_write, /mnt/pmem0/copy-test, p, 14, 5744629798
Mon Nov 19 21:14:12 2018, sequential_write, /mnt/pmem0/copy-test, p, 15, 5720167068
Mon Nov 19 21:14:12 2018, sequential_write, DRAM, s, 20, 1665597686
Mon Nov 19 21:15:26 2018, random_write, /mnt/pmem0/copy-test, p, 1, 13370725880
Mon Nov 19 21:15:26 2018, random_write, /mnt/pmem0/copy-test, p, 2, 13439657302
Mon Nov 19 21:15:26 2018, random_write, /mnt/pmem0/copy-test, p, 3, 13465707384
Mon Nov 19 21:15:26 2018, random_write, /mnt/pmem0/copy-test, p, 4, 13605462442
Mon Nov 19 21:15:26 2018, random_write, /mnt/pmem0/copy-test, p, 5, 13646992806
Mon Nov 19 21:15:26 2018, random_write, /mnt/pmem0/copy-test, p, 6, 13473406186
Mon Nov 19 21:15:26 2018, random_write, /mnt/pmem0/copy-test, p, 7, 13447688890
Mon Nov 19 21:15:26 2018, random_write, /mnt/pmem0/copy-test, p, 8, 13469333764
Mon Nov 19 21:15:26 2018, random_write, /mnt/pmem0/copy-test, p, 9, 13484049618
Mon Nov 19 21:15:26 2018, random_write, /mnt/pmem0/copy-test, p, 10, 13635862708
Mon Nov 19 21:15:26 2018, random_write, /mnt/pmem0/copy-test, p, 11, 13713100224
Mon Nov 19 21:15:26 2018, random_write, /mnt/pmem0/copy-test, p, 12, 13448679600
Mon Nov 19 21:15:26 2018, random_write, /mnt/pmem0/copy-test, p, 13, 13411342258
Mon Nov 19 21:15:26 2018, random_write, /mnt/pmem0/copy-test, p, 14, 13466408274
Mon Nov 19 21:15:26 2018, random_write, /mnt/pmem0/copy-test, p, 15, 13453140832
Mon Nov 19 21:15:26 2018, random_write, DRAM, s, 20, 15429346374
Mon Nov 19 21:17:07 2018, backwards_write, /mnt/pmem0/copy-test, p, 1, 5939900794
Mon Nov 19 21:17:07 2018, backwards_write, /mnt/pmem0/copy-test, p, 2, 6936372936
Mon Nov 19 21:17:07 2018, backwards_write, /mnt/pmem0/copy-test, p, 3, 5688798218
Mon Nov 19 21:17:07 2018, backwards_write, /mnt/pmem0/copy-test, p, 4, 5837623758
Mon Nov 19 21:17:07 2018, backwards_write, /mnt/pmem0/copy-test, p, 5, 6566213932
Mon Nov 19 21:17:07 2018, backwards_write, /mnt/pmem0/copy-test, p, 6, 5421465194
Mon Nov 19 21:17:07 2018, backwards_write, /mnt/pmem0/copy-test, p, 7, 5341045120
Mon Nov 19 21:17:07 2018, backwards_write, /mnt/pmem0/copy-test, p, 8, 6244808362
Mon Nov 19 21:17:07 2018, backwards_write, /mnt/pmem0/copy-test, p, 9, 5268842106
Mon Nov 19 21:17:07 2018, backwards_write, /mnt/pmem0/copy-test, p, 10, 6686338204
Mon Nov 19 21:17:07 2018, backwards_write, /mnt/pmem0/copy-test, p, 11, 6345207932
Mon Nov 19 21:17:07 2018, backwards_write, /mnt/pmem0/copy-test, p, 12, 6803143910
Mon Nov 19 21:17:07 2018, backwards_write, /mnt/pmem0/copy-test, p, 13, 6470605874
Mon Nov 19 21:17:07 2018, backwards_write, /mnt/pmem0/copy-test, p, 14, 5541093068
Mon Nov 19 21:17:07 2018, backwards_write, /mnt/pmem0/copy-test, p, 15, 6052590896
Mon Nov 19 21:17:07 2018, backwards_write, DRAM, s, 20, 2395253054
Mon Nov 19 21:18:21 2018, sequential_write, /mnt/pmem0/copy-test, p, 1, 6208777610
Mon Nov 19 21:18:21 2018, sequential_write, /mnt/pmem0/copy-test, p, 2, 6184984386
Mon Nov 19 21:18:21 2018, sequential_write, /mnt/pmem0/copy-test, p, 3, 6261481038
Mon Nov 19 21:18:21 2018, sequential_write, /mnt/pmem0/copy-test, p, 4, 6448959704
Mon Nov 19 21:18:21 2018, sequential_write, /mnt/pmem0/copy-test, p, 5, 6353654152
Mon Nov 19 21:18:21 2018, sequential_write, /mnt/pmem0/copy-test, p, 6, 6310261916
Mon Nov 19 21:18:21 2018, sequential_write, /mnt/pmem0/copy-test, p, 7, 6397189196
Mon Nov 19 21:18:21 2018, sequential_write, /mnt/pmem0/copy-test, p, 8, 6176938174
Mon Nov 19 21:18:21 2018, sequential_write, /mnt/pmem0/copy-test, p, 9, 6228168218
Mon Nov 19 21:18:21 2018, sequential_write, /mnt/pmem0/copy-test, p, 10, 6243555636
Mon Nov 19 21:18:21 2018, sequential_write, /mnt/pmem0/copy-test, p, 11, 6333518390
Mon Nov 19 21:18:21 2018, sequential_write, /mnt/pmem0/copy-test, p, 12, 6377723872
Mon Nov 19 21:18:21 2018, sequential_write, /mnt/pmem0/copy-test, p, 13, 6429917208
Mon Nov 19 21:18:21 2018, sequential_write, /mnt/pmem0/copy-test, p, 14, 6163095576
Mon Nov 19 21:18:21 2018, sequential_write, /mnt/pmem0/copy-test, p, 15, 6201065904
Mon Nov 19 21:18:21 2018, sequential_write, /mnt/pmem0/copy-test, p, 16, 6286766742
Mon Nov 19 21:18:21 2018, sequential_write, DRAM, s, 20, 1716532592
Mon Nov 19 21:19:40 2018, random_write, /mnt/pmem0/copy-test, p, 1, 13646700050
Mon Nov 19 21:19:40 2018, random_write, /mnt/pmem0/copy-test, p, 2, 13709902614
Mon Nov 19 21:19:40 2018, random_write, /mnt/pmem0/copy-test, p, 3, 13762442054
Mon Nov 19 21:19:40 2018, random_write, /mnt/pmem0/copy-test, p, 4, 13875640478
Mon Nov 19 21:19:40 2018, random_write, /mnt/pmem0/copy-test, p, 5, 13918877198
Mon Nov 19 21:19:40 2018, random_write, /mnt/pmem0/copy-test, p, 6, 13760177088
Mon Nov 19 21:19:40 2018, random_write, /mnt/pmem0/copy-test, p, 7, 13756340082
Mon Nov 19 21:19:40 2018, random_write, /mnt/pmem0/copy-test, p, 8, 13750938560
Mon Nov 19 21:19:40 2018, random_write, /mnt/pmem0/copy-test, p, 9, 13770817234
Mon Nov 19 21:19:40 2018, random_write, /mnt/pmem0/copy-test, p, 10, 13919182976
Mon Nov 19 21:19:40 2018, random_write, /mnt/pmem0/copy-test, p, 11, 13968352530
Mon Nov 19 21:19:40 2018, random_write, /mnt/pmem0/copy-test, p, 12, 13747710270
Mon Nov 19 21:19:40 2018, random_write, /mnt/pmem0/copy-test, p, 13, 13703389002
Mon Nov 19 21:19:40 2018, random_write, /mnt/pmem0/copy-test, p, 14, 13737271490
Mon Nov 19 21:19:40 2018, random_write, /mnt/pmem0/copy-test, p, 15, 13732435032
Mon Nov 19 21:19:40 2018, random_write, /mnt/pmem0/copy-test, p, 16, 13871956152
Mon Nov 19 21:19:40 2018, random_write, DRAM, s, 20, 15842048406
Mon Nov 19 21:21:27 2018, backwards_write, /mnt/pmem0/copy-test, p, 1, 7034898782
Mon Nov 19 21:21:27 2018, backwards_write, /mnt/pmem0/copy-test, p, 2, 5866578408
Mon Nov 19 21:21:27 2018, backwards_write, /mnt/pmem0/copy-test, p, 3, 7211285976
Mon Nov 19 21:21:27 2018, backwards_write, /mnt/pmem0/copy-test, p, 4, 5537470440
Mon Nov 19 21:21:27 2018, backwards_write, /mnt/pmem0/copy-test, p, 5, 7082373414
Mon Nov 19 21:21:27 2018, backwards_write, /mnt/pmem0/copy-test, p, 6, 6821254814
Mon Nov 19 21:21:27 2018, backwards_write, /mnt/pmem0/copy-test, p, 7, 6926006700
Mon Nov 19 21:21:27 2018, backwards_write, /mnt/pmem0/copy-test, p, 8, 6649656792
Mon Nov 19 21:21:27 2018, backwards_write, /mnt/pmem0/copy-test, p, 9, 6499724826
Mon Nov 19 21:21:27 2018, backwards_write, /mnt/pmem0/copy-test, p, 10, 6388701986
Mon Nov 19 21:21:27 2018, backwards_write, /mnt/pmem0/copy-test, p, 11, 6030277348
Mon Nov 19 21:21:27 2018, backwards_write, /mnt/pmem0/copy-test, p, 12, 6305063446
Mon Nov 19 21:21:27 2018, backwards_write, /mnt/pmem0/copy-test, p, 13, 6155568776
Mon Nov 19 21:21:27 2018, backwards_write, /mnt/pmem0/copy-test, p, 14, 7305070924
Mon Nov 19 21:21:27 2018, backwards_write, /mnt/pmem0/copy-test, p, 15, 7460611090
Mon Nov 19 21:21:27 2018, backwards_write, /mnt/pmem0/copy-test, p, 16, 5668605894
Mon Nov 19 21:21:27 2018, backwards_write, DRAM, s, 20, 2060034360
Mon Nov 19 21:22:45 2018, sequential_write, /mnt/pmem0/copy-test, p, 1, 6830873888
Mon Nov 19 21:22:45 2018, sequential_write, /mnt/pmem0/copy-test, p, 2, 6705089250
Mon Nov 19 21:22:45 2018, sequential_write, /mnt/pmem0/copy-test, p, 3, 6634277514
Mon Nov 19 21:22:45 2018, sequential_write, /mnt/pmem0/copy-test, p, 4, 6851646804
Mon Nov 19 21:22:45 2018, sequential_write, /mnt/pmem0/copy-test, p, 5, 6905575280
Mon Nov 19 21:22:45 2018, sequential_write, /mnt/pmem0/copy-test, p, 6, 6681678698
Mon Nov 19 21:22:45 2018, sequential_write, /mnt/pmem0/copy-test, p, 7, 6722092638
Mon Nov 19 21:22:45 2018, sequential_write, /mnt/pmem0/copy-test, p, 8, 6673605036
Mon Nov 19 21:22:45 2018, sequential_write, /mnt/pmem0/copy-test, p, 9, 6621944554
Mon Nov 19 21:22:45 2018, sequential_write, /mnt/pmem0/copy-test, p, 10, 6664891088
Mon Nov 19 21:22:45 2018, sequential_write, /mnt/pmem0/copy-test, p, 11, 6812181946
Mon Nov 19 21:22:45 2018, sequential_write, /mnt/pmem0/copy-test, p, 12, 6787168714
Mon Nov 19 21:22:45 2018, sequential_write, /mnt/pmem0/copy-test, p, 13, 6746040320
Mon Nov 19 21:22:45 2018, sequential_write, /mnt/pmem0/copy-test, p, 14, 6691292390
Mon Nov 19 21:22:45 2018, sequential_write, /mnt/pmem0/copy-test, p, 15, 6642732064
Mon Nov 19 21:22:45 2018, sequential_write, /mnt/pmem0/copy-test, p, 16, 6885210486
Mon Nov 19 21:22:45 2018, sequential_write, /mnt/pmem0/copy-test, p, 17, 6766063818
Mon Nov 19 21:22:45 2018, sequential_write, DRAM, s, 20, 1786403898
Mon Nov 19 21:24:08 2018, random_write, /mnt/pmem0/copy-test, p, 1, 13992618222
Mon Nov 19 21:24:08 2018, random_write, /mnt/pmem0/copy-test, p, 2, 14050418530
Mon Nov 19 21:24:08 2018, random_write, /mnt/pmem0/copy-test, p, 3, 14086044920
Mon Nov 19 21:24:08 2018, random_write, /mnt/pmem0/copy-test, p, 4, 14222284398
Mon Nov 19 21:24:08 2018, random_write, /mnt/pmem0/copy-test, p, 5, 14257183742
Mon Nov 19 21:24:08 2018, random_write, /mnt/pmem0/copy-test, p, 6, 14085136166
Mon Nov 19 21:24:08 2018, random_write, /mnt/pmem0/copy-test, p, 7, 14052139590
Mon Nov 19 21:24:08 2018, random_write, /mnt/pmem0/copy-test, p, 8, 14083597050
Mon Nov 19 21:24:08 2018, random_write, /mnt/pmem0/copy-test, p, 9, 14108192412
Mon Nov 19 21:24:08 2018, random_write, /mnt/pmem0/copy-test, p, 10, 14251349550
Mon Nov 19 21:24:08 2018, random_write, /mnt/pmem0/copy-test, p, 11, 14298102704
Mon Nov 19 21:24:08 2018, random_write, /mnt/pmem0/copy-test, p, 12, 14076023046
Mon Nov 19 21:24:08 2018, random_write, /mnt/pmem0/copy-test, p, 13, 14036544820
Mon Nov 19 21:24:08 2018, random_write, /mnt/pmem0/copy-test, p, 14, 14081507620
Mon Nov 19 21:24:08 2018, random_write, /mnt/pmem0/copy-test, p, 15, 14067270634
Mon Nov 19 21:24:08 2018, random_write, /mnt/pmem0/copy-test, p, 16, 14201044800
Mon Nov 19 21:24:08 2018, random_write, /mnt/pmem0/copy-test, p, 17, 14263874000
Mon Nov 19 21:24:08 2018, random_write, DRAM, s, 20, 16282161198
Mon Nov 19 21:26:01 2018, backwards_write, /mnt/pmem0/copy-test, p, 1, 7226300912
Mon Nov 19 21:26:01 2018, backwards_write, /mnt/pmem0/copy-test, p, 2, 7353463754
Mon Nov 19 21:26:01 2018, backwards_write, /mnt/pmem0/copy-test, p, 3, 6655870486
Mon Nov 19 21:26:01 2018, backwards_write, /mnt/pmem0/copy-test, p, 4, 6836752938
Mon Nov 19 21:26:01 2018, backwards_write, /mnt/pmem0/copy-test, p, 5, 7087444828
Mon Nov 19 21:26:01 2018, backwards_write, /mnt/pmem0/copy-test, p, 6, 6265964102
Mon Nov 19 21:26:01 2018, backwards_write, /mnt/pmem0/copy-test, p, 7, 6419682488
Mon Nov 19 21:26:01 2018, backwards_write, /mnt/pmem0/copy-test, p, 8, 6074985684
Mon Nov 19 21:26:01 2018, backwards_write, /mnt/pmem0/copy-test, p, 9, 6930865902
Mon Nov 19 21:26:01 2018, backwards_write, /mnt/pmem0/copy-test, p, 10, 6182907884
Mon Nov 19 21:26:01 2018, backwards_write, /mnt/pmem0/copy-test, p, 11, 7573293708
Mon Nov 19 21:26:01 2018, backwards_write, /mnt/pmem0/copy-test, p, 12, 7429811414
Mon Nov 19 21:26:01 2018, backwards_write, /mnt/pmem0/copy-test, p, 13, 7829201384
Mon Nov 19 21:26:01 2018, backwards_write, /mnt/pmem0/copy-test, p, 14, 6561016504
Mon Nov 19 21:26:01 2018, backwards_write, /mnt/pmem0/copy-test, p, 15, 6002022462
Mon Nov 19 21:26:01 2018, backwards_write, /mnt/pmem0/copy-test, p, 16, 7940831284
Mon Nov 19 21:26:01 2018, backwards_write, /mnt/pmem0/copy-test, p, 17, 7707758288
Mon Nov 19 21:26:01 2018, backwards_write, DRAM, s, 20, 2070901292
Mon Nov 19 21:27:24 2018, sequential_write, /mnt/pmem0/copy-test, p, 1, 7391041152
Mon Nov 19 21:27:24 2018, sequential_write, /mnt/pmem0/copy-test, p, 2, 7298303880
Mon Nov 19 21:27:24 2018, sequential_write, /mnt/pmem0/copy-test, p, 3, 7163627280
Mon Nov 19 21:27:24 2018, sequential_write, /mnt/pmem0/copy-test, p, 4, 7347038262
Mon Nov 19 21:27:24 2018, sequential_write, /mnt/pmem0/copy-test, p, 5, 7192848232
Mon Nov 19 21:27:24 2018, sequential_write, /mnt/pmem0/copy-test, p, 6, 7237536918
Mon Nov 19 21:27:24 2018, sequential_write, /mnt/pmem0/copy-test, p, 7, 7277129486
Mon Nov 19 21:27:24 2018, sequential_write, /mnt/pmem0/copy-test, p, 8, 7132080712
Mon Nov 19 21:27:24 2018, sequential_write, /mnt/pmem0/copy-test, p, 9, 7183438412
Mon Nov 19 21:27:24 2018, sequential_write, /mnt/pmem0/copy-test, p, 10, 7122306918
Mon Nov 19 21:27:24 2018, sequential_write, /mnt/pmem0/copy-test, p, 11, 7172744046
Mon Nov 19 21:27:24 2018, sequential_write, /mnt/pmem0/copy-test, p, 12, 7221112412
Mon Nov 19 21:27:24 2018, sequential_write, /mnt/pmem0/copy-test, p, 13, 7207324002
Mon Nov 19 21:27:24 2018, sequential_write, /mnt/pmem0/copy-test, p, 14, 7257111602
Mon Nov 19 21:27:24 2018, sequential_write, /mnt/pmem0/copy-test, p, 15, 7320453654
Mon Nov 19 21:27:24 2018, sequential_write, /mnt/pmem0/copy-test, p, 16, 7372609218
Mon Nov 19 21:27:24 2018, sequential_write, /mnt/pmem0/copy-test, p, 17, 7150963882
Mon Nov 19 21:27:24 2018, sequential_write, /mnt/pmem0/copy-test, p, 18, 7423057690
Mon Nov 19 21:27:24 2018, sequential_write, DRAM, s, 20, 1910759296
Mon Nov 19 21:28:49 2018, random_write, /mnt/pmem0/copy-test, p, 1, 14356414146
Mon Nov 19 21:28:49 2018, random_write, /mnt/pmem0/copy-test, p, 2, 14427387714
Mon Nov 19 21:28:49 2018, random_write, /mnt/pmem0/copy-test, p, 3, 14464475038
Mon Nov 19 21:28:49 2018, random_write, /mnt/pmem0/copy-test, p, 4, 14610622926
Mon Nov 19 21:28:49 2018, random_write, /mnt/pmem0/copy-test, p, 5, 14620843524
Mon Nov 19 21:28:49 2018, random_write, /mnt/pmem0/copy-test, p, 6, 14452021238
Mon Nov 19 21:28:49 2018, random_write, /mnt/pmem0/copy-test, p, 7, 14438117978
Mon Nov 19 21:28:49 2018, random_write, /mnt/pmem0/copy-test, p, 8, 14457246502
Mon Nov 19 21:28:49 2018, random_write, /mnt/pmem0/copy-test, p, 9, 14482511270
Mon Nov 19 21:28:49 2018, random_write, /mnt/pmem0/copy-test, p, 10, 14618709058
Mon Nov 19 21:28:49 2018, random_write, /mnt/pmem0/copy-test, p, 11, 14659291026
Mon Nov 19 21:28:49 2018, random_write, /mnt/pmem0/copy-test, p, 12, 14442763068
Mon Nov 19 21:28:49 2018, random_write, /mnt/pmem0/copy-test, p, 13, 14406508376
Mon Nov 19 21:28:49 2018, random_write, /mnt/pmem0/copy-test, p, 14, 14446880930
Mon Nov 19 21:28:49 2018, random_write, /mnt/pmem0/copy-test, p, 15, 14445503464
Mon Nov 19 21:28:49 2018, random_write, /mnt/pmem0/copy-test, p, 16, 14582339732
Mon Nov 19 21:28:49 2018, random_write, /mnt/pmem0/copy-test, p, 17, 14631261442
Mon Nov 19 21:28:49 2018, random_write, /mnt/pmem0/copy-test, p, 18, 14518080686
Mon Nov 19 21:28:49 2018, random_write, DRAM, s, 20, 16718302268
Mon Nov 19 21:30:48 2018, backwards_write, /mnt/pmem0/copy-test, p, 1, 7108882462
Mon Nov 19 21:30:48 2018, backwards_write, /mnt/pmem0/copy-test, p, 2, 7367313114
Mon Nov 19 21:30:48 2018, backwards_write, /mnt/pmem0/copy-test, p, 3, 6718836634
Mon Nov 19 21:30:48 2018, backwards_write, /mnt/pmem0/copy-test, p, 4, 8286990806
Mon Nov 19 21:30:48 2018, backwards_write, /mnt/pmem0/copy-test, p, 5, 7228176530
Mon Nov 19 21:30:48 2018, backwards_write, /mnt/pmem0/copy-test, p, 6, 6623398362
Mon Nov 19 21:30:48 2018, backwards_write, /mnt/pmem0/copy-test, p, 7, 6979191622
Mon Nov 19 21:30:48 2018, backwards_write, /mnt/pmem0/copy-test, p, 8, 7733000022
Mon Nov 19 21:30:48 2018, backwards_write, /mnt/pmem0/copy-test, p, 9, 6240799248
Mon Nov 19 21:30:48 2018, backwards_write, /mnt/pmem0/copy-test, p, 10, 7966218002
Mon Nov 19 21:30:48 2018, backwards_write, /mnt/pmem0/copy-test, p, 11, 8034676068
Mon Nov 19 21:30:48 2018, backwards_write, /mnt/pmem0/copy-test, p, 12, 7887929402
Mon Nov 19 21:30:48 2018, backwards_write, /mnt/pmem0/copy-test, p, 13, 6488881756
Mon Nov 19 21:30:48 2018, backwards_write, /mnt/pmem0/copy-test, p, 14, 7665400276
Mon Nov 19 21:30:48 2018, backwards_write, /mnt/pmem0/copy-test, p, 15, 8181134740
Mon Nov 19 21:30:48 2018, backwards_write, /mnt/pmem0/copy-test, p, 16, 6797849964
Mon Nov 19 21:30:48 2018, backwards_write, /mnt/pmem0/copy-test, p, 17, 6311887396
Mon Nov 19 21:30:48 2018, backwards_write, /mnt/pmem0/copy-test, p, 18, 7573883572
Mon Nov 19 21:30:48 2018, backwards_write, DRAM, s, 20, 2928737976
Mon Nov 19 21:32:08 2018, sequential_write, /mnt/pmem0/copy-test, p, 1, 7931216326
Mon Nov 19 21:32:08 2018, sequential_write, /mnt/pmem0/copy-test, p, 2, 7860102796
Mon Nov 19 21:32:08 2018, sequential_write, /mnt/pmem0/copy-test, p, 3, 7709300008
Mon Nov 19 21:32:08 2018, sequential_write, /mnt/pmem0/copy-test, p, 4, 7974659360
Mon Nov 19 21:32:08 2018, sequential_write, /mnt/pmem0/copy-test, p, 5, 7749173118
Mon Nov 19 21:32:08 2018, sequential_write, /mnt/pmem0/copy-test, p, 6, 7836670362
Mon Nov 19 21:32:08 2018, sequential_write, /mnt/pmem0/copy-test, p, 7, 7795445904
Mon Nov 19 21:32:08 2018, sequential_write, /mnt/pmem0/copy-test, p, 8, 7727000050
Mon Nov 19 21:32:08 2018, sequential_write, /mnt/pmem0/copy-test, p, 9, 7813860916
Mon Nov 19 21:32:08 2018, sequential_write, /mnt/pmem0/copy-test, p, 10, 7766532090
Mon Nov 19 21:32:08 2018, sequential_write, /mnt/pmem0/copy-test, p, 11, 7720677310
Mon Nov 19 21:32:08 2018, sequential_write, /mnt/pmem0/copy-test, p, 12, 7954015266
Mon Nov 19 21:32:08 2018, sequential_write, /mnt/pmem0/copy-test, p, 13, 7757592384
Mon Nov 19 21:32:08 2018, sequential_write, /mnt/pmem0/copy-test, p, 14, 7880430852
Mon Nov 19 21:32:08 2018, sequential_write, /mnt/pmem0/copy-test, p, 15, 7780266358
Mon Nov 19 21:32:08 2018, sequential_write, /mnt/pmem0/copy-test, p, 16, 7995473930
Mon Nov 19 21:32:08 2018, sequential_write, /mnt/pmem0/copy-test, p, 17, 7737563918
Mon Nov 19 21:32:08 2018, sequential_write, /mnt/pmem0/copy-test, p, 18, 8038160034
Mon Nov 19 21:32:08 2018, sequential_write, /mnt/pmem0/copy-test, p, 19, 7908925152
Mon Nov 19 21:32:08 2018, sequential_write, DRAM, s, 20, 1488675222
Mon Nov 19 21:33:34 2018, random_write, /mnt/pmem0/copy-test, p, 1, 14814910596
Mon Nov 19 21:33:34 2018, random_write, /mnt/pmem0/copy-test, p, 2, 14898742034
Mon Nov 19 21:33:34 2018, random_write, /mnt/pmem0/copy-test, p, 3, 14932109822
Mon Nov 19 21:33:34 2018, random_write, /mnt/pmem0/copy-test, p, 4, 15053291750
Mon Nov 19 21:33:34 2018, random_write, /mnt/pmem0/copy-test, p, 5, 15095322734
Mon Nov 19 21:33:34 2018, random_write, /mnt/pmem0/copy-test, p, 6, 14918921400
Mon Nov 19 21:33:34 2018, random_write, /mnt/pmem0/copy-test, p, 7, 14902519656
Mon Nov 19 21:33:34 2018, random_write, /mnt/pmem0/copy-test, p, 8, 14931503098
Mon Nov 19 21:33:34 2018, random_write, /mnt/pmem0/copy-test, p, 9, 14950522056
Mon Nov 19 21:33:34 2018, random_write, /mnt/pmem0/copy-test, p, 10, 15093766262
Mon Nov 19 21:33:34 2018, random_write, /mnt/pmem0/copy-test, p, 11, 15137401144
Mon Nov 19 21:33:34 2018, random_write, /mnt/pmem0/copy-test, p, 12, 14908318396
Mon Nov 19 21:33:34 2018, random_write, /mnt/pmem0/copy-test, p, 13, 14868958394
Mon Nov 19 21:33:34 2018, random_write, /mnt/pmem0/copy-test, p, 14, 14912077096
Mon Nov 19 21:33:34 2018, random_write, /mnt/pmem0/copy-test, p, 15, 14913909588
Mon Nov 19 21:33:34 2018, random_write, /mnt/pmem0/copy-test, p, 16, 15065043638
Mon Nov 19 21:33:34 2018, random_write, /mnt/pmem0/copy-test, p, 17, 15097339862
Mon Nov 19 21:33:34 2018, random_write, /mnt/pmem0/copy-test, p, 18, 14991021258
Mon Nov 19 21:33:34 2018, random_write, /mnt/pmem0/copy-test, p, 19, 14937404044
Mon Nov 19 21:33:34 2018, random_write, DRAM, s, 20, 17523152620
Mon Nov 19 21:35:40 2018, backwards_write, /mnt/pmem0/copy-test, p, 1, 7019479456
Mon Nov 19 21:35:40 2018, backwards_write, /mnt/pmem0/copy-test, p, 2, 7656355202
Mon Nov 19 21:35:40 2018, backwards_write, /mnt/pmem0/copy-test, p, 3, 7289266154
Mon Nov 19 21:35:40 2018, backwards_write, /mnt/pmem0/copy-test, p, 4, 7755600192
Mon Nov 19 21:35:40 2018, backwards_write, /mnt/pmem0/copy-test, p, 5, 8778974580
Mon Nov 19 21:35:40 2018, backwards_write, /mnt/pmem0/copy-test, p, 6, 8694097576
Mon Nov 19 21:35:40 2018, backwards_write, /mnt/pmem0/copy-test, p, 7, 7550975902
Mon Nov 19 21:35:40 2018, backwards_write, /mnt/pmem0/copy-test, p, 8, 7189380428
Mon Nov 19 21:35:40 2018, backwards_write, /mnt/pmem0/copy-test, p, 9, 7940688752
Mon Nov 19 21:35:40 2018, backwards_write, /mnt/pmem0/copy-test, p, 10, 8995006912
Mon Nov 19 21:35:40 2018, backwards_write, /mnt/pmem0/copy-test, p, 11, 8068923120
Mon Nov 19 21:35:40 2018, backwards_write, /mnt/pmem0/copy-test, p, 12, 8602112966
Mon Nov 19 21:35:40 2018, backwards_write, /mnt/pmem0/copy-test, p, 13, 8896290456
Mon Nov 19 21:35:40 2018, backwards_write, /mnt/pmem0/copy-test, p, 14, 7109214200
Mon Nov 19 21:35:40 2018, backwards_write, /mnt/pmem0/copy-test, p, 15, 8230283540
Mon Nov 19 21:35:40 2018, backwards_write, /mnt/pmem0/copy-test, p, 16, 7430379020
Mon Nov 19 21:35:40 2018, backwards_write, /mnt/pmem0/copy-test, p, 17, 8414965458
Mon Nov 19 21:35:40 2018, backwards_write, /mnt/pmem0/copy-test, p, 18, 8294938174
Mon Nov 19 21:35:40 2018, backwards_write, /mnt/pmem0/copy-test, p, 19, 8009088840
Mon Nov 19 21:35:40 2018, backwards_write, DRAM, s, 20, 10051314160
Mon Nov 19 21:37:04 2018, sequential_write, /mnt/pmem0/copy-test, p, 1, 8289695758
Mon Nov 19 21:37:04 2018, sequential_write, /mnt/pmem0/copy-test, p, 2, 8310857566
Mon Nov 19 21:37:04 2018, sequential_write, /mnt/pmem0/copy-test, p, 3, 8084812806
Mon Nov 19 21:37:04 2018, sequential_write, /mnt/pmem0/copy-test, p, 4, 8402221256
Mon Nov 19 21:37:04 2018, sequential_write, /mnt/pmem0/copy-test, p, 5, 8236883120
Mon Nov 19 21:37:04 2018, sequential_write, /mnt/pmem0/copy-test, p, 6, 8193109188
Mon Nov 19 21:37:04 2018, sequential_write, /mnt/pmem0/copy-test, p, 7, 8269668330
Mon Nov 19 21:37:04 2018, sequential_write, /mnt/pmem0/copy-test, p, 8, 8179867032
Mon Nov 19 21:37:04 2018, sequential_write, /mnt/pmem0/copy-test, p, 9, 8153386114
Mon Nov 19 21:37:04 2018, sequential_write, /mnt/pmem0/copy-test, p, 10, 8145528196
Mon Nov 19 21:37:04 2018, sequential_write, /mnt/pmem0/copy-test, p, 11, 8220832392
Mon Nov 19 21:37:04 2018, sequential_write, /mnt/pmem0/copy-test, p, 12, 8356023218
Mon Nov 19 21:37:04 2018, sequential_write, /mnt/pmem0/copy-test, p, 13, 8204310482
Mon Nov 19 21:37:04 2018, sequential_write, /mnt/pmem0/copy-test, p, 14, 8382535850
Mon Nov 19 21:37:04 2018, sequential_write, /mnt/pmem0/copy-test, p, 15, 8132298496
Mon Nov 19 21:37:04 2018, sequential_write, /mnt/pmem0/copy-test, p, 16, 8426224928
Mon Nov 19 21:37:04 2018, sequential_write, /mnt/pmem0/copy-test, p, 17, 8161589612
Mon Nov 19 21:37:04 2018, sequential_write, /mnt/pmem0/copy-test, p, 18, 8480088394
Mon Nov 19 21:37:04 2018, sequential_write, /mnt/pmem0/copy-test, p, 19, 8333578308
Mon Nov 19 21:37:04 2018, sequential_write, /mnt/pmem0/copy-test, p, 20, 9083649414
Mon Nov 19 21:37:04 2018, sequential_write, DRAM, s, 20, 4041067114
Mon Nov 19 21:38:23 2018, random_write, /mnt/pmem0/copy-test, p, 1, 14992604230
Mon Nov 19 21:38:23 2018, random_write, /mnt/pmem0/copy-test, p, 2, 15053063774
Mon Nov 19 21:38:23 2018, random_write, /mnt/pmem0/copy-test, p, 3, 15114269454
Mon Nov 19 21:38:23 2018, random_write, /mnt/pmem0/copy-test, p, 4, 15205173182
Mon Nov 19 21:38:23 2018, random_write, /mnt/pmem0/copy-test, p, 5, 15255467424
Mon Nov 19 21:38:23 2018, random_write, /mnt/pmem0/copy-test, p, 6, 15078358576
Mon Nov 19 21:38:23 2018, random_write, /mnt/pmem0/copy-test, p, 7, 15064097520
Mon Nov 19 21:38:23 2018, random_write, /mnt/pmem0/copy-test, p, 8, 15086628878
Mon Nov 19 21:38:23 2018, random_write, /mnt/pmem0/copy-test, p, 9, 15102900832
Mon Nov 19 21:38:23 2018, random_write, /mnt/pmem0/copy-test, p, 10, 15248264854
Mon Nov 19 21:38:23 2018, random_write, /mnt/pmem0/copy-test, p, 11, 15288665074
Mon Nov 19 21:38:23 2018, random_write, /mnt/pmem0/copy-test, p, 12, 15067474342
Mon Nov 19 21:38:23 2018, random_write, /mnt/pmem0/copy-test, p, 13, 15034448360
Mon Nov 19 21:38:23 2018, random_write, /mnt/pmem0/copy-test, p, 14, 15080054136
Mon Nov 19 21:38:23 2018, random_write, /mnt/pmem0/copy-test, p, 15, 15071666632
Mon Nov 19 21:38:23 2018, random_write, /mnt/pmem0/copy-test, p, 16, 15219037758
Mon Nov 19 21:38:23 2018, random_write, /mnt/pmem0/copy-test, p, 17, 15261334178
Mon Nov 19 21:38:23 2018, random_write, /mnt/pmem0/copy-test, p, 18, 15150914176
Mon Nov 19 21:38:23 2018, random_write, /mnt/pmem0/copy-test, p, 19, 15103254340
Mon Nov 19 21:38:23 2018, random_write, /mnt/pmem0/copy-test, p, 20, 21356685282
Mon Nov 19 21:38:23 2018, random_write, DRAM, s, 20, 18679385150
Mon Nov 19 21:40:28 2018, backwards_write, /mnt/pmem0/copy-test, p, 1, 6589803800
Mon Nov 19 21:40:28 2018, backwards_write, /mnt/pmem0/copy-test, p, 2, 8442826388
Mon Nov 19 21:40:28 2018, backwards_write, /mnt/pmem0/copy-test, p, 3, 7002174504
Mon Nov 19 21:40:28 2018, backwards_write, /mnt/pmem0/copy-test, p, 4, 6873771532
Mon Nov 19 21:40:28 2018, backwards_write, /mnt/pmem0/copy-test, p, 5, 7205457426
Mon Nov 19 21:40:28 2018, backwards_write, /mnt/pmem0/copy-test, p, 6, 6448164854
Mon Nov 19 21:40:28 2018, backwards_write, /mnt/pmem0/copy-test, p, 7, 7558771154
Mon Nov 19 21:40:28 2018, backwards_write, /mnt/pmem0/copy-test, p, 8, 6808275470
Mon Nov 19 21:40:28 2018, backwards_write, /mnt/pmem0/copy-test, p, 9, 7338536844
Mon Nov 19 21:40:28 2018, backwards_write, /mnt/pmem0/copy-test, p, 10, 7895009260
Mon Nov 19 21:40:28 2018, backwards_write, /mnt/pmem0/copy-test, p, 11, 7988659788
Mon Nov 19 21:40:28 2018, backwards_write, /mnt/pmem0/copy-test, p, 12, 7700482562
Mon Nov 19 21:40:28 2018, backwards_write, /mnt/pmem0/copy-test, p, 13, 8320197120
Mon Nov 19 21:40:28 2018, backwards_write, /mnt/pmem0/copy-test, p, 14, 8761021438
Mon Nov 19 21:40:28 2018, backwards_write, /mnt/pmem0/copy-test, p, 15, 8664308328
Mon Nov 19 21:40:28 2018, backwards_write, /mnt/pmem0/copy-test, p, 16, 7810927668
Mon Nov 19 21:40:28 2018, backwards_write, /mnt/pmem0/copy-test, p, 17, 8105359626
Mon Nov 19 21:40:28 2018, backwards_write, /mnt/pmem0/copy-test, p, 18, 8224981090
Mon Nov 19 21:40:28 2018, backwards_write, /mnt/pmem0/copy-test, p, 19, 8551629010
Mon Nov 19 21:40:28 2018, backwards_write, /mnt/pmem0/copy-test, p, 20, 5398991358
Mon Nov 19 21:40:28 2018, backwards_write, DRAM, s, 20, 5633501428
